running egg_info
writing ../../build/drone_ros/drone_ros.egg-info/PKG-INFO
writing dependency_links to ../../build/drone_ros/drone_ros.egg-info/dependency_links.txt
writing entry points to ../../build/drone_ros/drone_ros.egg-info/entry_points.txt
writing requirements to ../../build/drone_ros/drone_ros.egg-info/requires.txt
writing top-level names to ../../build/drone_ros/drone_ros.egg-info/top_level.txt
reading manifest file '../../build/drone_ros/drone_ros.egg-info/SOURCES.txt'
writing manifest file '../../build/drone_ros/drone_ros.egg-info/SOURCES.txt'
running build
running build_py
copying drone_ros/waypoint_monitor.py -> /home/aseel/ros2_ws/build/drone_ros/build/lib/drone_ros
running install
running install_lib
copying /home/aseel/ros2_ws/build/drone_ros/build/lib/drone_ros/waypoint_monitor.py -> /home/aseel/ros2_ws/install/drone_ros/lib/python3.12/site-packages/drone_ros
byte-compiling /home/aseel/ros2_ws/install/drone_ros/lib/python3.12/site-packages/drone_ros/waypoint_monitor.py to waypoint_monitor.cpython-312.pyc
running install_data
running install_egg_info
removing '/home/aseel/ros2_ws/install/drone_ros/lib/python3.12/site-packages/drone_ros-0.0.0-py3.12.egg-info' (and everything under it)
Copying ../../build/drone_ros/drone_ros.egg-info to /home/aseel/ros2_ws/install/drone_ros/lib/python3.12/site-packages/drone_ros-0.0.0-py3.12.egg-info
running install_scripts
Installing drone_node script to /home/aseel/ros2_ws/install/drone_ros/lib/drone_ros
Installing mission_upload script to /home/aseel/ros2_ws/install/drone_ros/lib/drone_ros
Installing publisher_node script to /home/aseel/ros2_ws/install/drone_ros/lib/drone_ros
Installing subscriber_node script to /home/aseel/ros2_ws/install/drone_ros/lib/drone_ros
Installing waypoint_monitor script to /home/aseel/ros2_ws/install/drone_ros/lib/drone_ros
Installing waypoint_node script to /home/aseel/ros2_ws/install/drone_ros/lib/drone_ros
writing list of installed files to '/home/aseel/ros2_ws/build/drone_ros/install.log'
