[1.313s] Invoking command in '/home/aseel/ros2_ws/src/drone_ros': DEBUGINFOD_URLS=https://debuginfod.ubuntu.com PS1=(venv-ardupilot) \[\e]0;\u@\h: \w\a\]${debian_chroot:+($debian_chroot)}\[\033[01;32m\]\u@\h\[\033[00m\]:\[\033[01;34m\]\w\[\033[00m\]\$ PYTHONPATH=/home/aseel/ros2_ws/build/drone_ros/prefix_override:/usr/lib/python3/dist-packages/colcon_core/task/python/colcon_distutils_commands:/home/aseel/ros2_ws/install/drone_ros/lib/python3.12/site-packages:${PYTHONPATH} VIRTUAL_ENV_PROMPT=(venv-ardupilot) /usr/bin/python3 -W ignore:setup.py install is deprecated -W ignore:easy_install command is deprecated setup.py egg_info --egg-base ../../build/drone_ros build --build-base /home/aseel/ros2_ws/build/drone_ros/build install --record /home/aseel/ros2_ws/build/drone_ros/install.log --single-version-externally-managed install_data
[1.868s] running egg_info
[1.912s] writing ../../build/drone_ros/drone_ros.egg-info/PKG-INFO
[1.912s] writing dependency_links to ../../build/drone_ros/drone_ros.egg-info/dependency_links.txt
[1.913s] writing entry points to ../../build/drone_ros/drone_ros.egg-info/entry_points.txt
[1.913s] writing requirements to ../../build/drone_ros/drone_ros.egg-info/requires.txt
[1.914s] writing top-level names to ../../build/drone_ros/drone_ros.egg-info/top_level.txt
[1.997s] reading manifest file '../../build/drone_ros/drone_ros.egg-info/SOURCES.txt'
[1.998s] writing manifest file '../../build/drone_ros/drone_ros.egg-info/SOURCES.txt'
[1.998s] running build
[1.999s] running build_py
[1.999s] copying drone_ros/waypoint_monitor.py -> /home/aseel/ros2_ws/build/drone_ros/build/lib/drone_ros
[2.000s] running install
[2.012s] running install_lib
[2.055s] copying /home/aseel/ros2_ws/build/drone_ros/build/lib/drone_ros/waypoint_monitor.py -> /home/aseel/ros2_ws/install/drone_ros/lib/python3.12/site-packages/drone_ros
[2.059s] byte-compiling /home/aseel/ros2_ws/install/drone_ros/lib/python3.12/site-packages/drone_ros/waypoint_monitor.py to waypoint_monitor.cpython-312.pyc
[2.061s] running install_data
[2.062s] running install_egg_info
[2.130s] removing '/home/aseel/ros2_ws/install/drone_ros/lib/python3.12/site-packages/drone_ros-0.0.0-py3.12.egg-info' (and everything under it)
[2.131s] Copying ../../build/drone_ros/drone_ros.egg-info to /home/aseel/ros2_ws/install/drone_ros/lib/python3.12/site-packages/drone_ros-0.0.0-py3.12.egg-info
[2.133s] running install_scripts
[2.379s] Installing drone_node script to /home/aseel/ros2_ws/install/drone_ros/lib/drone_ros
[2.381s] Installing mission_upload script to /home/aseel/ros2_ws/install/drone_ros/lib/drone_ros
[2.382s] Installing publisher_node script to /home/aseel/ros2_ws/install/drone_ros/lib/drone_ros
[2.382s] Installing subscriber_node script to /home/aseel/ros2_ws/install/drone_ros/lib/drone_ros
[2.383s] Installing waypoint_monitor script to /home/aseel/ros2_ws/install/drone_ros/lib/drone_ros
[2.383s] Installing waypoint_node script to /home/aseel/ros2_ws/install/drone_ros/lib/drone_ros
[2.384s] writing list of installed files to '/home/aseel/ros2_ws/build/drone_ros/install.log'
[2.462s] Invoked command in '/home/aseel/ros2_ws/src/drone_ros' returned '0': DEBUGINFOD_URLS=https://debuginfod.ubuntu.com PS1=(venv-ardupilot) \[\e]0;\u@\h: \w\a\]${debian_chroot:+($debian_chroot)}\[\033[01;32m\]\u@\h\[\033[00m\]:\[\033[01;34m\]\w\[\033[00m\]\$ PYTHONPATH=/home/aseel/ros2_ws/build/drone_ros/prefix_override:/usr/lib/python3/dist-packages/colcon_core/task/python/colcon_distutils_commands:/home/aseel/ros2_ws/install/drone_ros/lib/python3.12/site-packages:${PYTHONPATH} VIRTUAL_ENV_PROMPT=(venv-ardupilot) /usr/bin/python3 -W ignore:setup.py install is deprecated -W ignore:easy_install command is deprecated setup.py egg_info --egg-base ../../build/drone_ros build --build-base /home/aseel/ros2_ws/build/drone_ros/build install --record /home/aseel/ros2_ws/build/drone_ros/install.log --single-version-externally-managed install_data
