/home/aseel/ros2_ws/install/drone_ros/lib/python3.12/site-packages/drone_ros/__init__.py
/home/aseel/ros2_ws/install/drone_ros/lib/python3.12/site-packages/drone_ros/waypoint_monitor.py
/home/aseel/ros2_ws/install/drone_ros/lib/python3.12/site-packages/drone_ros/demo_node.py
/home/aseel/ros2_ws/install/drone_ros/lib/python3.12/site-packages/drone_ros/waypoint_node.py
/home/aseel/ros2_ws/install/drone_ros/lib/python3.12/site-packages/drone_ros/publisher_node.py
/home/aseel/ros2_ws/install/drone_ros/lib/python3.12/site-packages/drone_ros/subscriber_node.py
/home/aseel/ros2_ws/install/drone_ros/lib/python3.12/site-packages/drone_ros/drone_node.py
/home/aseel/ros2_ws/install/drone_ros/lib/python3.12/site-packages/drone_ros/mission_upload.py
/home/aseel/ros2_ws/install/drone_ros/lib/python3.12/site-packages/drone_ros/__pycache__/__init__.cpython-312.pyc
/home/aseel/ros2_ws/install/drone_ros/lib/python3.12/site-packages/drone_ros/__pycache__/waypoint_monitor.cpython-312.pyc
/home/aseel/ros2_ws/install/drone_ros/lib/python3.12/site-packages/drone_ros/__pycache__/demo_node.cpython-312.pyc
/home/aseel/ros2_ws/install/drone_ros/lib/python3.12/site-packages/drone_ros/__pycache__/waypoint_node.cpython-312.pyc
/home/aseel/ros2_ws/install/drone_ros/lib/python3.12/site-packages/drone_ros/__pycache__/publisher_node.cpython-312.pyc
/home/aseel/ros2_ws/install/drone_ros/lib/python3.12/site-packages/drone_ros/__pycache__/subscriber_node.cpython-312.pyc
/home/aseel/ros2_ws/install/drone_ros/lib/python3.12/site-packages/drone_ros/__pycache__/drone_node.cpython-312.pyc
/home/aseel/ros2_ws/install/drone_ros/lib/python3.12/site-packages/drone_ros/__pycache__/mission_upload.cpython-312.pyc
/home/aseel/ros2_ws/install/drone_ros/share/ament_index/resource_index/packages/drone_ros
/home/aseel/ros2_ws/install/drone_ros/share/drone_ros/package.xml
/home/aseel/ros2_ws/install/drone_ros/lib/python3.12/site-packages/drone_ros-0.0.0-py3.12.egg-info/dependency_links.txt
/home/aseel/ros2_ws/install/drone_ros/lib/python3.12/site-packages/drone_ros-0.0.0-py3.12.egg-info/PKG-INFO
/home/aseel/ros2_ws/install/drone_ros/lib/python3.12/site-packages/drone_ros-0.0.0-py3.12.egg-info/SOURCES.txt
/home/aseel/ros2_ws/install/drone_ros/lib/python3.12/site-packages/drone_ros-0.0.0-py3.12.egg-info/entry_points.txt
/home/aseel/ros2_ws/install/drone_ros/lib/python3.12/site-packages/drone_ros-0.0.0-py3.12.egg-info/zip-safe
/home/aseel/ros2_ws/install/drone_ros/lib/python3.12/site-packages/drone_ros-0.0.0-py3.12.egg-info/requires.txt
/home/aseel/ros2_ws/install/drone_ros/lib/python3.12/site-packages/drone_ros-0.0.0-py3.12.egg-info/top_level.txt
/home/aseel/ros2_ws/install/drone_ros/lib/drone_ros/drone_node
/home/aseel/ros2_ws/install/drone_ros/lib/drone_ros/mission_upload
/home/aseel/ros2_ws/install/drone_ros/lib/drone_ros/publisher_node
/home/aseel/ros2_ws/install/drone_ros/lib/drone_ros/subscriber_node
/home/aseel/ros2_ws/install/drone_ros/lib/drone_ros/waypoint_monitor
/home/aseel/ros2_ws/install/drone_ros/lib/drone_ros/waypoint_node
