[1.473s] Invoking command in '/home/aseel/ros2_ws/src/drone_ros': DEBUGINFOD_URLS=https://debuginfod.ubuntu.com PS1=(venv-ardupilot) \[\e]0;\u@\h: \w\a\]${debian_chroot:+($debian_chroot)}\[\033[01;32m\]\u@\h\[\033[00m\]:\[\033[01;34m\]\w\[\033[00m\]\$ PYTHONPATH=/home/aseel/ros2_ws/build/drone_ros/prefix_override:/usr/lib/python3/dist-packages/colcon_core/task/python/colcon_distutils_commands:/home/aseel/ros2_ws/install/drone_ros/lib/python3.12/site-packages:${PYTHONPATH} VIRTUAL_ENV_PROMPT=(venv-ardupilot) /usr/bin/python3 -W ignore:setup.py install is deprecated -W ignore:easy_install command is deprecated setup.py egg_info --egg-base ../../build/drone_ros build --build-base /home/aseel/ros2_ws/build/drone_ros/build install --record /home/aseel/ros2_ws/build/drone_ros/install.log --single-version-externally-managed install_data
[1.969s] running egg_info
[2.001s] writing ../../build/drone_ros/drone_ros.egg-info/PKG-INFO
[2.002s] writing dependency_links to ../../build/drone_ros/drone_ros.egg-info/dependency_links.txt
[2.002s] writing entry points to ../../build/drone_ros/drone_ros.egg-info/entry_points.txt
[2.003s] writing requirements to ../../build/drone_ros/drone_ros.egg-info/requires.txt
[2.003s] writing top-level names to ../../build/drone_ros/drone_ros.egg-info/top_level.txt
[2.065s] reading manifest file '../../build/drone_ros/drone_ros.egg-info/SOURCES.txt'
[2.067s] writing manifest file '../../build/drone_ros/drone_ros.egg-info/SOURCES.txt'
[2.068s] running build
[2.068s] running build_py
[2.068s] copying drone_ros/waypoint_monitor.py -> /home/aseel/ros2_ws/build/drone_ros/build/lib/drone_ros
[2.068s] copying drone_ros/waypoint_node.py -> /home/aseel/ros2_ws/build/drone_ros/build/lib/drone_ros
[2.069s] running install
[2.078s] running install_lib
[2.115s] copying /home/aseel/ros2_ws/build/drone_ros/build/lib/drone_ros/waypoint_monitor.py -> /home/aseel/ros2_ws/install/drone_ros/lib/python3.12/site-packages/drone_ros
[2.116s] copying /home/aseel/ros2_ws/build/drone_ros/build/lib/drone_ros/waypoint_node.py -> /home/aseel/ros2_ws/install/drone_ros/lib/python3.12/site-packages/drone_ros
[2.117s] byte-compiling /home/aseel/ros2_ws/install/drone_ros/lib/python3.12/site-packages/drone_ros/waypoint_monitor.py to waypoint_monitor.cpython-312.pyc
[2.119s] byte-compiling /home/aseel/ros2_ws/install/drone_ros/lib/python3.12/site-packages/drone_ros/waypoint_node.py to waypoint_node.cpython-312.pyc
[2.123s] running install_data
[2.123s] running install_egg_info
[2.153s] removing '/home/aseel/ros2_ws/install/drone_ros/lib/python3.12/site-packages/drone_ros-0.0.0-py3.12.egg-info' (and everything under it)
[2.153s] Copying ../../build/drone_ros/drone_ros.egg-info to /home/aseel/ros2_ws/install/drone_ros/lib/python3.12/site-packages/drone_ros-0.0.0-py3.12.egg-info
[2.155s] running install_scripts
[2.338s] Installing drone_node script to /home/aseel/ros2_ws/install/drone_ros/lib/drone_ros
[2.338s] Installing mission_upload script to /home/aseel/ros2_ws/install/drone_ros/lib/drone_ros
[2.339s] Installing publisher_node script to /home/aseel/ros2_ws/install/drone_ros/lib/drone_ros
[2.339s] Installing subscriber_node script to /home/aseel/ros2_ws/install/drone_ros/lib/drone_ros
[2.340s] Installing waypoint_monitor script to /home/aseel/ros2_ws/install/drone_ros/lib/drone_ros
[2.341s] Installing waypoint_node script to /home/aseel/ros2_ws/install/drone_ros/lib/drone_ros
[2.341s] writing list of installed files to '/home/aseel/ros2_ws/build/drone_ros/install.log'
[2.410s] Invoked command in '/home/aseel/ros2_ws/src/drone_ros' returned '0': DEBUGINFOD_URLS=https://debuginfod.ubuntu.com PS1=(venv-ardupilot) \[\e]0;\u@\h: \w\a\]${debian_chroot:+($debian_chroot)}\[\033[01;32m\]\u@\h\[\033[00m\]:\[\033[01;34m\]\w\[\033[00m\]\$ PYTHONPATH=/home/aseel/ros2_ws/build/drone_ros/prefix_override:/usr/lib/python3/dist-packages/colcon_core/task/python/colcon_distutils_commands:/home/aseel/ros2_ws/install/drone_ros/lib/python3.12/site-packages:${PYTHONPATH} VIRTUAL_ENV_PROMPT=(venv-ardupilot) /usr/bin/python3 -W ignore:setup.py install is deprecated -W ignore:easy_install command is deprecated setup.py egg_info --egg-base ../../build/drone_ros build --build-base /home/aseel/ros2_ws/build/drone_ros/build install --record /home/aseel/ros2_ws/build/drone_ros/install.log --single-version-externally-managed install_data
