running egg_info
creating ../../build/drone_ros/drone_ros.egg-info
writing ../../build/drone_ros/drone_ros.egg-info/PKG-INFO
writing dependency_links to ../../build/drone_ros/drone_ros.egg-info/dependency_links.txt
writing requirements to ../../build/drone_ros/drone_ros.egg-info/requires.txt
writing top-level names to ../../build/drone_ros/drone_ros.egg-info/top_level.txt
writing manifest file '../../build/drone_ros/drone_ros.egg-info/SOURCES.txt'
reading manifest file '../../build/drone_ros/drone_ros.egg-info/SOURCES.txt'
writing manifest file '../../build/drone_ros/drone_ros.egg-info/SOURCES.txt'
running build
running build_py
creating /home/aseel/ros2_ws/build/drone_ros/build
creating /home/aseel/ros2_ws/build/drone_ros/build/lib
creating /home/aseel/ros2_ws/build/drone_ros/build/lib/drone_ros
copying drone_ros/__init__.py -> /home/aseel/ros2_ws/build/drone_ros/build/lib/drone_ros
running install
running install_lib
creating /home/aseel/ros2_ws/install/drone_ros/lib/python3.12/site-packages/drone_ros
copying /home/aseel/ros2_ws/build/drone_ros/build/lib/drone_ros/__init__.py -> /home/aseel/ros2_ws/install/drone_ros/lib/python3.12/site-packages/drone_ros
byte-compiling /home/aseel/ros2_ws/install/drone_ros/lib/python3.12/site-packages/drone_ros/__init__.py to __init__.cpython-312.pyc
running install_data
creating /home/aseel/ros2_ws/install/drone_ros/share/ament_index
creating /home/aseel/ros2_ws/install/drone_ros/share/ament_index/resource_index
creating /home/aseel/ros2_ws/install/drone_ros/share/ament_index/resource_index/packages
copying resource/drone_ros -> /home/aseel/ros2_ws/install/drone_ros/share/ament_index/resource_index/packages
copying package.xml -> /home/aseel/ros2_ws/install/drone_ros/share/drone_ros
running install_egg_info
Copying ../../build/drone_ros/drone_ros.egg-info to /home/aseel/ros2_ws/install/drone_ros/lib/python3.12/site-packages/drone_ros-0.0.0-py3.12.egg-info
running install_scripts
writing list of installed files to '/home/aseel/ros2_ws/build/drone_ros/install.log'
