[0.996s] Invoking command in '/home/aseel/ros2_ws/src/drone_ros': DEBUGINFOD_URLS=https://debuginfod.ubuntu.com PS1=(venv-ardupilot) \[\e]0;\u@\h: \w\a\]${debian_chroot:+($debian_chroot)}\[\033[01;32m\]\u@\h\[\033[00m\]:\[\033[01;34m\]\w\[\033[00m\]\$ PYTHONPATH=/home/aseel/ros2_ws/build/drone_ros/prefix_override:/usr/lib/python3/dist-packages/colcon_core/task/python/colcon_distutils_commands:/home/aseel/ros2_ws/install/drone_ros/lib/python3.12/site-packages:${PYTHONPATH} VIRTUAL_ENV_PROMPT=(venv-ardupilot) /usr/bin/python3 -W ignore:setup.py install is deprecated -W ignore:easy_install command is deprecated setup.py egg_info --egg-base ../../build/drone_ros build --build-base /home/aseel/ros2_ws/build/drone_ros/build install --record /home/aseel/ros2_ws/build/drone_ros/install.log --single-version-externally-managed install_data
[1.317s] running egg_info
[1.338s] writing ../../build/drone_ros/drone_ros.egg-info/PKG-INFO
[1.339s] writing dependency_links to ../../build/drone_ros/drone_ros.egg-info/dependency_links.txt
[1.339s] writing entry points to ../../build/drone_ros/drone_ros.egg-info/entry_points.txt
[1.340s] writing requirements to ../../build/drone_ros/drone_ros.egg-info/requires.txt
[1.340s] writing top-level names to ../../build/drone_ros/drone_ros.egg-info/top_level.txt
[1.384s] reading manifest file '../../build/drone_ros/drone_ros.egg-info/SOURCES.txt'
[1.386s] writing manifest file '../../build/drone_ros/drone_ros.egg-info/SOURCES.txt'
[1.386s] running build
[1.386s] running build_py
[1.386s] copying drone_ros/waypoint_monitor.py -> /home/aseel/ros2_ws/build/drone_ros/build/lib/drone_ros
[1.387s] running install
[1.394s] running install_lib
[1.415s] copying /home/aseel/ros2_ws/build/drone_ros/build/lib/drone_ros/waypoint_monitor.py -> /home/aseel/ros2_ws/install/drone_ros/lib/python3.12/site-packages/drone_ros
[1.416s] byte-compiling /home/aseel/ros2_ws/install/drone_ros/lib/python3.12/site-packages/drone_ros/waypoint_monitor.py to waypoint_monitor.cpython-312.pyc
[1.418s] running install_data
[1.418s] running install_egg_info
[1.446s] removing '/home/aseel/ros2_ws/install/drone_ros/lib/python3.12/site-packages/drone_ros-0.0.0-py3.12.egg-info' (and everything under it)
[1.446s] Copying ../../build/drone_ros/drone_ros.egg-info to /home/aseel/ros2_ws/install/drone_ros/lib/python3.12/site-packages/drone_ros-0.0.0-py3.12.egg-info
[1.449s] running install_scripts
[1.596s] Installing drone_node script to /home/aseel/ros2_ws/install/drone_ros/lib/drone_ros
[1.597s] Installing mission_upload script to /home/aseel/ros2_ws/install/drone_ros/lib/drone_ros
[1.597s] Installing publisher_node script to /home/aseel/ros2_ws/install/drone_ros/lib/drone_ros
[1.597s] Installing subscriber_node script to /home/aseel/ros2_ws/install/drone_ros/lib/drone_ros
[1.598s] Installing waypoint_monitor script to /home/aseel/ros2_ws/install/drone_ros/lib/drone_ros
[1.598s] Installing waypoint_node script to /home/aseel/ros2_ws/install/drone_ros/lib/drone_ros
[1.598s] writing list of installed files to '/home/aseel/ros2_ws/build/drone_ros/install.log'
[1.645s] Invoked command in '/home/aseel/ros2_ws/src/drone_ros' returned '0': DEBUGINFOD_URLS=https://debuginfod.ubuntu.com PS1=(venv-ardupilot) \[\e]0;\u@\h: \w\a\]${debian_chroot:+($debian_chroot)}\[\033[01;32m\]\u@\h\[\033[00m\]:\[\033[01;34m\]\w\[\033[00m\]\$ PYTHONPATH=/home/aseel/ros2_ws/build/drone_ros/prefix_override:/usr/lib/python3/dist-packages/colcon_core/task/python/colcon_distutils_commands:/home/aseel/ros2_ws/install/drone_ros/lib/python3.12/site-packages:${PYTHONPATH} VIRTUAL_ENV_PROMPT=(venv-ardupilot) /usr/bin/python3 -W ignore:setup.py install is deprecated -W ignore:easy_install command is deprecated setup.py egg_info --egg-base ../../build/drone_ros build --build-base /home/aseel/ros2_ws/build/drone_ros/build install --record /home/aseel/ros2_ws/build/drone_ros/install.log --single-version-externally-managed install_data
