[2.017s] Invoking command in '/home/aseel/ros2_ws/src/drone_ros': DEBUGINFOD_URLS=https://debuginfod.ubuntu.com PS1=(venv-ardupilot) \[\e]0;\u@\h: \w\a\]${debian_chroot:+($debian_chroot)}\[\033[01;32m\]\u@\h\[\033[00m\]:\[\033[01;34m\]\w\[\033[00m\]\$ PYTHONPATH=/home/aseel/ros2_ws/build/drone_ros/prefix_override:/usr/lib/python3/dist-packages/colcon_core/task/python/colcon_distutils_commands:/home/aseel/ros2_ws/install/drone_ros/lib/python3.12/site-packages:${PYTHONPATH} VIRTUAL_ENV_PROMPT=(venv-ardupilot) /usr/bin/python3 -W ignore:setup.py install is deprecated -W ignore:easy_install command is deprecated setup.py egg_info --egg-base ../../build/drone_ros build --build-base /home/aseel/ros2_ws/build/drone_ros/build install --record /home/aseel/ros2_ws/build/drone_ros/install.log --single-version-externally-managed install_data
[2.523s] running egg_info
[2.555s] writing ../../build/drone_ros/drone_ros.egg-info/PKG-INFO
[2.558s] writing dependency_links to ../../build/drone_ros/drone_ros.egg-info/dependency_links.txt
[2.558s] writing entry points to ../../build/drone_ros/drone_ros.egg-info/entry_points.txt
[2.558s] writing requirements to ../../build/drone_ros/drone_ros.egg-info/requires.txt
[2.559s] writing top-level names to ../../build/drone_ros/drone_ros.egg-info/top_level.txt
[2.619s] reading manifest file '../../build/drone_ros/drone_ros.egg-info/SOURCES.txt'
[2.621s] writing manifest file '../../build/drone_ros/drone_ros.egg-info/SOURCES.txt'
[2.621s] running build
[2.621s] running build_py
[2.622s] copying drone_ros/publisher_node.py -> /home/aseel/ros2_ws/build/drone_ros/build/lib/drone_ros
[2.623s] copying drone_ros/subscriber_node.py -> /home/aseel/ros2_ws/build/drone_ros/build/lib/drone_ros
[2.623s] running install
[2.636s] running install_lib
[2.664s] copying /home/aseel/ros2_ws/build/drone_ros/build/lib/drone_ros/publisher_node.py -> /home/aseel/ros2_ws/install/drone_ros/lib/python3.12/site-packages/drone_ros
[2.665s] copying /home/aseel/ros2_ws/build/drone_ros/build/lib/drone_ros/subscriber_node.py -> /home/aseel/ros2_ws/install/drone_ros/lib/python3.12/site-packages/drone_ros
[2.666s] byte-compiling /home/aseel/ros2_ws/install/drone_ros/lib/python3.12/site-packages/drone_ros/publisher_node.py to publisher_node.cpython-312.pyc
[2.667s] byte-compiling /home/aseel/ros2_ws/install/drone_ros/lib/python3.12/site-packages/drone_ros/subscriber_node.py to subscriber_node.cpython-312.pyc
[2.668s] running install_data
[2.670s] running install_egg_info
[2.708s] removing '/home/aseel/ros2_ws/install/drone_ros/lib/python3.12/site-packages/drone_ros-0.0.0-py3.12.egg-info' (and everything under it)
[2.708s] Copying ../../build/drone_ros/drone_ros.egg-info to /home/aseel/ros2_ws/install/drone_ros/lib/python3.12/site-packages/drone_ros-0.0.0-py3.12.egg-info
[2.711s] running install_scripts
[2.994s] Installing drone_node script to /home/aseel/ros2_ws/install/drone_ros/lib/drone_ros
[2.995s] Installing publisher_node script to /home/aseel/ros2_ws/install/drone_ros/lib/drone_ros
[2.996s] Installing subscriber_node script to /home/aseel/ros2_ws/install/drone_ros/lib/drone_ros
[2.996s] writing list of installed files to '/home/aseel/ros2_ws/build/drone_ros/install.log'
[3.054s] Invoked command in '/home/aseel/ros2_ws/src/drone_ros' returned '0': DEBUGINFOD_URLS=https://debuginfod.ubuntu.com PS1=(venv-ardupilot) \[\e]0;\u@\h: \w\a\]${debian_chroot:+($debian_chroot)}\[\033[01;32m\]\u@\h\[\033[00m\]:\[\033[01;34m\]\w\[\033[00m\]\$ PYTHONPATH=/home/aseel/ros2_ws/build/drone_ros/prefix_override:/usr/lib/python3/dist-packages/colcon_core/task/python/colcon_distutils_commands:/home/aseel/ros2_ws/install/drone_ros/lib/python3.12/site-packages:${PYTHONPATH} VIRTUAL_ENV_PROMPT=(venv-ardupilot) /usr/bin/python3 -W ignore:setup.py install is deprecated -W ignore:easy_install command is deprecated setup.py egg_info --egg-base ../../build/drone_ros build --build-base /home/aseel/ros2_ws/build/drone_ros/build install --record /home/aseel/ros2_ws/build/drone_ros/install.log --single-version-externally-managed install_data
